<?xml version="1.0" encoding="UTF-8"?>
<!-- Generated by org.testng.reporters.JUnitReportReporter -->
<testsuite hostname="DESKTOP-SGV8PKT" failures="0" tests="3" name="mobileTestingProject.myClass" time="29.856" errors="0" timestamp="2024-10-05T14:46:19 EET" skipped="1">
  <testcase classname="mobileTestingProject.myClass" name="checkTime" time="0.001"/>
  <system-out/>
  <testcase classname="mobileTestingProject.myClass" name="ClickOnNumbersOnly" time="29.855"/>
  <system-out/>
  <testcase classname="mobileTestingProject.myClass" name="ClickOnAllButtons">
    <skipped/>
  </testcase> <!-- ClickOnAllButtons -->
  <system-out/>
</testsuite> <!-- mobileTestingProject.myClass -->
